Arguments: 
  /usr/bin/node /mnt/c/Users/pedro/AppData/Roaming/npm/node_modules/yarn/bin/yarn.js add notify_js_legacy

PATH: 
  /home/pedro/.rbenv/shims:/usr/local/sbin:/usr/local/bin:/usr/sbin:/usr/bin:/sbin:/bin:/usr/games:/usr/local/games:/usr/lib/wsl/lib:/mnt/c/Program Files/Common Files/Oracle/Java/javapath:/mnt/c/Windows/system32:/mnt/c/Windows:/mnt/c/Windows/System32/Wbem:/mnt/c/Windows/System32/WindowsPowerShell/v1.0/:/mnt/c/Windows/System32/OpenSSH/:/mnt/c/Program Files (x86)/NVIDIA Corporation/PhysX/Common:/mnt/c/Program Files/NVIDIA Corporation/NVIDIA NvDLISR:/mnt/c/WINDOWS/system32:/mnt/c/WINDOWS:/mnt/c/WINDOWS/System32/Wbem:/mnt/c/WINDOWS/System32/WindowsPowerShell/v1.0/:/mnt/c/WINDOWS/System32/OpenSSH/:/mnt/c/Program Files/Git/cmd:/mnt/c/Program Files/:/mnt/c/ProgramData/chocolatey/bin:/mnt/c/Ruby27-x64/bin:/mnt/c/Users/pedro/AppData/Local/Programs/Python/Python310/Scripts/:/mnt/c/Users/pedro/AppData/Local/Programs/Python/Python310/:/mnt/c/Users/pedro/AppData/Local/Microsoft/WindowsApps:/mnt/c/Users/pedro/AppData/Local/Programs/Microsoft VS Code/bin:/mnt/c/Users/pedro/AppData/Local/GitHubDesktop/bin:/mnt/c/Program Files/Java/jdk-17/bin:/mnt/c/Program Files/Java/apache-maven-3.9.1-bin:/mnt/c/Users/pedro/AppData/Roaming/npm:/snap/bin:/home/pedro/.rvm/bin:/home/pedro/.rvm/bin

Yarn version: 
  1.22.19

Node version: 
  12.22.9

Platform: 
  linux x64

Trace: 
  Error: https://registry.yarnpkg.com/notify_js_legacy: Not found
      at Request.params.callback [as _callback] (/mnt/c/Users/pedro/AppData/Roaming/npm/node_modules/yarn/lib/cli.js:66145:18)
      at Request.self.callback (/mnt/c/Users/pedro/AppData/Roaming/npm/node_modules/yarn/lib/cli.js:140890:22)
      at Request.emit (events.js:314:20)
      at Request.<anonymous> (/mnt/c/Users/pedro/AppData/Roaming/npm/node_modules/yarn/lib/cli.js:141862:10)
      at Request.emit (events.js:314:20)
      at IncomingMessage.<anonymous> (/mnt/c/Users/pedro/AppData/Roaming/npm/node_modules/yarn/lib/cli.js:141784:12)
      at Object.onceWrapper (events.js:420:28)
      at IncomingMessage.emit (events.js:326:22)
      at endReadableNT (_stream_readable.js:1241:12)
      at processTicksAndRejections (internal/process/task_queues.js:84:21)

npm manifest: 
  {
    "name": "smoke_review",
    "version": "1.0.0",
    "main": "index.js",
    "license": "MIT",
    "dependencies": {
      "jquery": "^3.6.4"
    }
  }

yarn manifest: 
  No manifest

Lockfile: 
  # THIS IS AN AUTOGENERATED FILE. DO NOT EDIT THIS FILE DIRECTLY.
  # yarn lockfile v1
  
  
  jquery@^3.6.4:
    version "3.6.4"
    resolved "https://registry.yarnpkg.com/jquery/-/jquery-3.6.4.tgz#ba065c188142100be4833699852bf7c24dc0252f"
    integrity sha512-v28EW9DWDFpzcD9O5iyJXg3R3+q+mET5JhnjJzQUZMHOv67bpSIHq81GEYpPNZHG+XXHsfSme3nxp/hndKEcsQ==
